# JRE version: OpenJDK Runtime Environment Temurin-17.0.8+7 (17.0.8+7) (build 17.0.8+7)
# Java VM: OpenJDK 64-Bit Server VM Temurin-17.0.8+7 (17.0.8+7, mixed mode, sharing, tiered, compressed oops, compressed class ptrs, g1 gc, windows-amd64)
GC Precious Log:
 CPUs: 8 total, 8 available
 Memory: 7959M
 Large Page Support: Disabled
 NUMA Support: Disabled
 Compressed Oops: Enabled (32-bit)
 Heap Region Size: 1M
 Heap Min Capacity: 8M
 Heap Initial Capacity: 126M
 Heap Max Capacity: 2G
 Pre-touch: Disabled
 Parallel Workers: 8
 Concurrent Workers: 2
 Concurrent Refinement Workers: 8
 Periodic GC: Disabled
Heap:
 garbage-first heap   total 366592K, used 331241K [0x0000000080000000, 0x0000000100000000)
  region size 1024K, 6 young (6144K), 4 survivors (4096K)
 Metaspace       used 101987K, committed 102912K, reserved 557056K
  class space    used 13666K, committed 14144K, reserved 425984K
GC Heap History (20 events):
Event: 31.260 GC heap before
{Heap before GC invocations=46 (full 0):
 garbage-first heap   total 157696K, used 121596K [0x0000000080000000, 0x0000000100000000)
  region size 1024K, 38 young (38912K), 5 survivors (5120K)
 Metaspace       used 87118K, committed 87872K, reserved 557056K
  class space    used 12007K, committed 12352K, reserved 425984K
}
Event: 31.266 GC heap after
{Heap after GC invocations=47 (full 0):
 garbage-first heap   total 157696K, used 89922K [0x0000000080000000, 0x0000000100000000)
  region size 1024K, 3 young (3072K), 3 survivors (3072K)
 Metaspace       used 87118K, committed 87872K, reserved 557056K
  class space    used 12007K, committed 12352K, reserved 425984K
}
Event: 31.433 GC heap before
{Heap before GC invocations=47 (full 0):
 garbage-first heap   total 157696K, used 94018K [0x0000000080000000, 0x0000000100000000)
  region size 1024K, 7 young (7168K), 3 survivors (3072K)
 Metaspace       used 87316K, committed 88000K, reserved 557056K
  class space    used 12034K, committed 12352K, reserved 425984K
}
Event: 31.439 GC heap after
{Heap after GC invocations=48 (full 0):
 garbage-first heap   total 157696K, used 89577K [0x0000000080000000, 0x0000000100000000)
  region size 1024K, 1 young (1024K), 1 survivors (1024K)
 Metaspace       used 87316K, committed 88000K, reserved 557056K
  class space    used 12034K, committed 12352K, reserved 425984K
}
Event: 32.458 GC heap before
{Heap before GC invocations=48 (full 0):
 garbage-first heap   total 157696K, used 126441K [0x0000000080000000, 0x0000000100000000)
  region size 1024K, 38 young (38912K), 1 survivors (1024K)
 Metaspace       used 91619K, committed 92352K, reserved 557056K
  class space    used 12526K, committed 12864K, reserved 425984K
}
Event: 32.463 GC heap after
{Heap after GC invocations=49 (full 0):
 garbage-first heap   total 356352K, used 92033K [0x0000000080000000, 0x0000000100000000)
  region size 1024K, 4 young (4096K), 4 survivors (4096K)
 Metaspace       used 91619K, committed 92352K, reserved 557056K
  class space    used 12526K, committed 12864K, reserved 425984K
}
Event: 45.319 GC heap before
{Heap before GC invocations=49 (full 0):
 garbage-first heap   total 356352K, used 263041K [0x0000000080000000, 0x0000000100000000)
  region size 1024K, 171 young (175104K), 4 survivors (4096K)
 Metaspace       used 94138K, committed 94976K, reserved 557056K
  class space    used 12666K, committed 13056K, reserved 425984K
}
Event: 45.328 GC heap after
{Heap after GC invocations=50 (full 0):
 garbage-first heap   total 356352K, used 97032K [0x0000000080000000, 0x0000000100000000)
  region size 1024K, 8 young (8192K), 8 survivors (8192K)
 Metaspace       used 94138K, committed 94976K, reserved 557056K
  class space    used 12666K, committed 13056K, reserved 425984K
}
Event: 53.026 GC heap before
{Heap before GC invocations=50 (full 0):
 garbage-first heap   total 356352K, used 298760K [0x0000000080000000, 0x0000000100000000)
  region size 1024K, 202 young (206848K), 8 survivors (8192K)
 Metaspace       used 99465K, committed 100352K, reserved 557056K
  class space    used 13352K, committed 13760K, reserved 425984K
}
Event: 53.053 GC heap after
{Heap after GC invocations=51 (full 0):
 garbage-first heap   total 356352K, used 116108K [0x0000000080000000, 0x0000000100000000)
  region size 1024K, 25 young (25600K), 25 survivors (25600K)
 Metaspace       used 99465K, committed 100352K, reserved 557056K
  class space    used 13352K, committed 13760K, reserved 425984K
}
Event: 54.449 GC heap before
{Heap before GC invocations=51 (full 0):
 garbage-first heap   total 356352K, used 321932K [0x0000000080000000, 0x0000000100000000)
  region size 1024K, 191 young (195584K), 25 survivors (25600K)
 Metaspace       used 99994K, committed 100864K, reserved 557056K
  class space    used 13402K, committed 13824K, reserved 425984K
}
Event: 54.479 GC heap after
{Heap after GC invocations=52 (full 0):
 garbage-first heap   total 362496K, used 127319K [0x0000000080000000, 0x0000000100000000)
  region size 1024K, 14 young (14336K), 14 survivors (14336K)
 Metaspace       used 99994K, committed 100864K, reserved 557056K
  class space    used 13402K, committed 13824K, reserved 425984K
}
Event: 55.466 GC heap before
{Heap before GC invocations=52 (full 0):
 garbage-first heap   total 362496K, used 203095K [0x0000000080000000, 0x0000000100000000)
  region size 1024K, 47 young (48128K), 14 survivors (14336K)
 Metaspace       used 101983K, committed 102912K, reserved 557056K
  class space    used 13666K, committed 14144K, reserved 425984K
}
Event: 55.480 GC heap after
{Heap after GC invocations=53 (full 0):
 garbage-first heap   total 362496K, used 170682K [0x0000000080000000, 0x0000000100000000)
  region size 1024K, 11 young (11264K), 11 survivors (11264K)
 Metaspace       used 101983K, committed 102912K, reserved 557056K
  class space    used 13666K, committed 14144K, reserved 425984K
}
Event: 56.481 GC heap before
{Heap before GC invocations=54 (full 0):
 garbage-first heap   total 362496K, used 341690K [0x0000000080000000, 0x0000000100000000)
  region size 1024K, 32 young (32768K), 11 survivors (11264K)
 Metaspace       used 101986K, committed 102912K, reserved 557056K
  class space    used 13666K, committed 14144K, reserved 425984K
}
Event: 56.488 GC heap after
{Heap after GC invocations=55 (full 0):
 garbage-first heap   total 366592K, used 260130K [0x0000000080000000, 0x0000000100000000)
  region size 1024K, 12 young (12288K), 12 survivors (12288K)
 Metaspace       used 101986K, committed 102912K, reserved 557056K
  class space    used 13666K, committed 14144K, reserved 425984K
}
Event: 56.690 GC heap before
{Heap before GC invocations=55 (full 0):
 garbage-first heap   total 366592K, used 294946K [0x0000000080000000, 0x0000000100000000)
  region size 1024K, 18 young (18432K), 12 survivors (12288K)
 Metaspace       used 101986K, committed 102912K, reserved 557056K
  class space    used 13666K, committed 14144K, reserved 425984K
}
Event: 56.698 GC heap after
{Heap after GC invocations=56 (full 0):
 garbage-first heap   total 366592K, used 285362K [0x0000000080000000, 0x0000000100000000)
  region size 1024K, 3 young (3072K), 3 survivors (3072K)
 Metaspace       used 101986K, committed 102912K, reserved 557056K
  class space    used 13666K, committed 14144K, reserved 425984K
}
Event: 56.954 GC heap before
{Heap before GC invocations=56 (full 0):
 garbage-first heap   total 366592K, used 335538K [0x0000000080000000, 0x0000000100000000)
  region size 1024K, 9 young (9216K), 3 survivors (3072K)
 Metaspace       used 101986K, committed 102912K, reserved 557056K
  class space    used 13666K, committed 14144K, reserved 425984K
}
Event: 56.957 GC heap after
{Heap after GC invocations=57 (full 0):
 garbage-first heap   total 366592K, used 318953K [0x0000000080000000, 0x0000000100000000)
  region size 1024K, 4 young (4096K), 4 survivors (4096K)
 Metaspace       used 101986K, committed 102912K, reserved 557056K
  class space    used 13666K, committed 14144K, reserved 425984K
}

