# JRE version: OpenJDK Runtime Environment Temurin-17.0.8+7 (17.0.8+7) (build 17.0.8+7)
# Java VM: OpenJDK 64-Bit Server VM Temurin-17.0.8+7 (17.0.8+7, mixed mode, sharing, tiered, compressed oops, compressed class ptrs, g1 gc, windows-amd64)
GC Precious Log:
 CPUs: 8 total, 8 available
 Memory: 7959M
 Large Page Support: Disabled
 NUMA Support: Disabled
 Compressed Oops: Enabled (32-bit)
 Heap Region Size: 1M
 Heap Min Capacity: 8M
 Heap Initial Capacity: 126M
 Heap Max Capacity: 2G
 Pre-touch: Disabled
 Parallel Workers: 8
 Concurrent Workers: 2
 Concurrent Refinement Workers: 8
 Periodic GC: Disabled
Heap:
 garbage-first heap   total 134144K, used 78166K [0x0000000080000000, 0x0000000100000000)
  region size 1024K, 4 young (4096K), 4 survivors (4096K)
 Metaspace       used 75461K, committed 76224K, reserved 557056K
  class space    used 10311K, committed 10688K, reserved 425984K
GC Heap History (20 events):
Event: 13.759 GC heap after
{Heap after GC invocations=20 (full 0):
 garbage-first heap   total 103424K, used 57953K [0x0000000080000000, 0x0000000100000000)
  region size 1024K, 4 young (4096K), 4 survivors (4096K)
 Metaspace       used 60734K, committed 61312K, reserved 491520K
  class space    used 8517K, committed 8768K, reserved 425984K
}
Event: 14.231 GC heap before
{Heap before GC invocations=20 (full 0):
 garbage-first heap   total 103424K, used 80481K [0x0000000080000000, 0x0000000100000000)
  region size 1024K, 28 young (28672K), 4 survivors (4096K)
 Metaspace       used 61976K, committed 62592K, reserved 491520K
  class space    used 8668K, committed 8960K, reserved 425984K
}
Event: 14.236 GC heap after
{Heap after GC invocations=21 (full 0):
 garbage-first heap   total 103424K, used 59953K [0x0000000080000000, 0x0000000100000000)
  region size 1024K, 3 young (3072K), 3 survivors (3072K)
 Metaspace       used 61976K, committed 62592K, reserved 491520K
  class space    used 8668K, committed 8960K, reserved 425984K
}
Event: 14.757 GC heap before
{Heap before GC invocations=22 (full 0):
 garbage-first heap   total 111616K, used 84529K [0x0000000080000000, 0x0000000100000000)
  region size 1024K, 26 young (26624K), 3 survivors (3072K)
 Metaspace       used 64935K, committed 65536K, reserved 491520K
  class space    used 8997K, committed 9280K, reserved 425984K
}
Event: 14.762 GC heap after
{Heap after GC invocations=23 (full 0):
 garbage-first heap   total 111616K, used 65340K [0x0000000080000000, 0x0000000100000000)
  region size 1024K, 4 young (4096K), 4 survivors (4096K)
 Metaspace       used 64935K, committed 65536K, reserved 491520K
  class space    used 8997K, committed 9280K, reserved 425984K
}
Event: 14.779 GC heap before
{Heap before GC invocations=23 (full 0):
 garbage-first heap   total 111616K, used 66364K [0x0000000080000000, 0x0000000100000000)
  region size 1024K, 5 young (5120K), 4 survivors (4096K)
 Metaspace       used 65107K, committed 65728K, reserved 491520K
  class space    used 9014K, committed 9280K, reserved 425984K
}
Event: 14.783 GC heap after
{Heap after GC invocations=24 (full 0):
 garbage-first heap   total 134144K, used 65612K [0x0000000080000000, 0x0000000100000000)
  region size 1024K, 1 young (1024K), 1 survivors (1024K)
 Metaspace       used 65107K, committed 65728K, reserved 491520K
  class space    used 9014K, committed 9280K, reserved 425984K
}
Event: 14.954 GC heap before
{Heap before GC invocations=24 (full 0):
 garbage-first heap   total 134144K, used 74828K [0x0000000080000000, 0x0000000100000000)
  region size 1024K, 11 young (11264K), 1 survivors (1024K)
 Metaspace       used 66351K, committed 67008K, reserved 491520K
  class space    used 9145K, committed 9408K, reserved 425984K
}
Event: 14.956 GC heap after
{Heap after GC invocations=25 (full 0):
 garbage-first heap   total 134144K, used 67405K [0x0000000080000000, 0x0000000100000000)
  region size 1024K, 3 young (3072K), 3 survivors (3072K)
 Metaspace       used 66351K, committed 67008K, reserved 491520K
  class space    used 9145K, committed 9408K, reserved 425984K
}
Event: 15.553 GC heap before
{Heap before GC invocations=26 (full 0):
 garbage-first heap   total 134144K, used 109389K [0x0000000080000000, 0x0000000100000000)
  region size 1024K, 37 young (37888K), 3 survivors (3072K)
 Metaspace       used 69734K, committed 70464K, reserved 491520K
  class space    used 9548K, committed 9920K, reserved 425984K
}
Event: 15.558 GC heap after
{Heap after GC invocations=27 (full 0):
 garbage-first heap   total 134144K, used 71834K [0x0000000080000000, 0x0000000100000000)
  region size 1024K, 5 young (5120K), 5 survivors (5120K)
 Metaspace       used 69734K, committed 70464K, reserved 491520K
  class space    used 9548K, committed 9920K, reserved 425984K
}
Event: 15.579 GC heap before
{Heap before GC invocations=27 (full 0):
 garbage-first heap   total 134144K, used 72858K [0x0000000080000000, 0x0000000100000000)
  region size 1024K, 6 young (6144K), 5 survivors (5120K)
 Metaspace       used 69870K, committed 70592K, reserved 491520K
  class space    used 9567K, committed 9920K, reserved 425984K
}
Event: 15.582 GC heap after
{Heap after GC invocations=28 (full 0):
 garbage-first heap   total 134144K, used 71534K [0x0000000080000000, 0x0000000100000000)
  region size 1024K, 1 young (1024K), 1 survivors (1024K)
 Metaspace       used 69870K, committed 70592K, reserved 491520K
  class space    used 9567K, committed 9920K, reserved 425984K
}
Event: 16.114 GC heap before
{Heap before GC invocations=28 (full 0):
 garbage-first heap   total 134144K, used 100206K [0x0000000080000000, 0x0000000100000000)
  region size 1024K, 30 young (30720K), 1 survivors (1024K)
 Metaspace       used 72531K, committed 73216K, reserved 491520K
  class space    used 9888K, committed 10240K, reserved 425984K
}
Event: 16.117 GC heap after
{Heap after GC invocations=29 (full 0):
 garbage-first heap   total 134144K, used 73238K [0x0000000080000000, 0x0000000100000000)
  region size 1024K, 3 young (3072K), 3 survivors (3072K)
 Metaspace       used 72531K, committed 73216K, reserved 491520K
  class space    used 9888K, committed 10240K, reserved 425984K
}
Event: 16.542 GC heap before
{Heap before GC invocations=30 (full 0):
 garbage-first heap   total 134144K, used 106006K [0x0000000080000000, 0x0000000100000000)
  region size 1024K, 34 young (34816K), 3 survivors (3072K)
 Metaspace       used 73688K, committed 74432K, reserved 491520K
  class space    used 10078K, committed 10432K, reserved 425984K
}
Event: 16.547 GC heap after
{Heap after GC invocations=31 (full 0):
 garbage-first heap   total 134144K, used 75421K [0x0000000080000000, 0x0000000100000000)
  region size 1024K, 5 young (5120K), 5 survivors (5120K)
 Metaspace       used 73688K, committed 74432K, reserved 491520K
  class space    used 10078K, committed 10432K, reserved 425984K
}
Event: 16.552 GC heap before
{Heap before GC invocations=31 (full 0):
 garbage-first heap   total 134144K, used 76445K [0x0000000080000000, 0x0000000100000000)
  region size 1024K, 6 young (6144K), 5 survivors (5120K)
 Metaspace       used 73688K, committed 74432K, reserved 491520K
  class space    used 10078K, committed 10432K, reserved 425984K
}
Event: 16.557 GC heap after
{Heap after GC invocations=32 (full 0):
 garbage-first heap   total 134144K, used 75643K [0x0000000080000000, 0x0000000100000000)
  region size 1024K, 1 young (1024K), 1 survivors (1024K)
 Metaspace       used 73688K, committed 74432K, reserved 491520K
  class space    used 10078K, committed 10432K, reserved 425984K
}
Event: 19.601 GC heap before
{Heap before GC invocations=32 (full 0):
 garbage-first heap   total 134144K, used 107387K [0x0000000080000000, 0x0000000100000000)
  region size 1024K, 32 young (32768K), 1 survivors (1024K)
 Metaspace       used 75461K, committed 76224K, reserved 557056K
  class space    used 10311K, committed 10688K, reserved 425984K
}

