# JRE version: OpenJDK Runtime Environment Temurin-17.0.8+7 (17.0.8+7) (build 17.0.8+7)
# Java VM: OpenJDK 64-Bit Server VM Temurin-17.0.8+7 (17.0.8+7, mixed mode, sharing, tiered, compressed oops, compressed class ptrs, g1 gc, windows-amd64)
GC Precious Log:
 CPUs: 8 total, 8 available
 Memory: 7959M
 Large Page Support: Disabled
 NUMA Support: Disabled
 Compressed Oops: Enabled (32-bit)
 Heap Region Size: 1M
 Heap Min Capacity: 8M
 Heap Initial Capacity: 126M
 Heap Max Capacity: 2G
 Pre-touch: Disabled
 Parallel Workers: 8
 Concurrent Workers: 2
 Concurrent Refinement Workers: 8
 Periodic GC: Disabled
Heap:
 garbage-first heap   total 129024K, used 67548K [0x0000000080000000, 0x0000000100000000)
  region size 1024K, 3 young (3072K), 3 survivors (3072K)
 Metaspace       used 66426K, committed 67136K, reserved 491520K
  class space    used 9140K, committed 9472K, reserved 425984K
GC Heap History (20 events):
Event: 11.698 GC heap after
{Heap after GC invocations=11 (full 0):
 garbage-first heap   total 103424K, used 35158K [0x0000000080000000, 0x0000000100000000)
  region size 1024K, 5 young (5120K), 5 survivors (5120K)
 Metaspace       used 40841K, committed 41408K, reserved 491520K
  class space    used 5685K, committed 5952K, reserved 425984K
}
Event: 12.746 GC heap before
{Heap before GC invocations=11 (full 0):
 garbage-first heap   total 103424K, used 86358K [0x0000000080000000, 0x0000000100000000)
  region size 1024K, 49 young (50176K), 5 survivors (5120K)
 Metaspace       used 46020K, committed 46656K, reserved 491520K
  class space    used 6411K, committed 6720K, reserved 425984K
}
Event: 12.752 GC heap after
{Heap after GC invocations=12 (full 0):
 garbage-first heap   total 103424K, used 45616K [0x0000000080000000, 0x0000000100000000)
  region size 1024K, 7 young (7168K), 7 survivors (7168K)
 Metaspace       used 46020K, committed 46656K, reserved 491520K
  class space    used 6411K, committed 6720K, reserved 425984K
}
Event: 13.651 GC heap before
{Heap before GC invocations=12 (full 0):
 garbage-first heap   total 103424K, used 81456K [0x0000000080000000, 0x0000000100000000)
  region size 1024K, 42 young (43008K), 7 survivors (7168K)
 Metaspace       used 49851K, committed 50432K, reserved 491520K
  class space    used 6984K, committed 7232K, reserved 425984K
}
Event: 13.657 GC heap after
{Heap after GC invocations=13 (full 0):
 garbage-first heap   total 103424K, used 48044K [0x0000000080000000, 0x0000000100000000)
  region size 1024K, 3 young (3072K), 3 survivors (3072K)
 Metaspace       used 49851K, committed 50432K, reserved 491520K
  class space    used 6984K, committed 7232K, reserved 425984K
}
Event: 14.218 GC heap before
{Heap before GC invocations=13 (full 0):
 garbage-first heap   total 103424K, used 81836K [0x0000000080000000, 0x0000000100000000)
  region size 1024K, 36 young (36864K), 3 survivors (3072K)
 Metaspace       used 54064K, committed 54656K, reserved 491520K
  class space    used 7527K, committed 7808K, reserved 425984K
}
Event: 14.223 GC heap after
{Heap after GC invocations=14 (full 0):
 garbage-first heap   total 103424K, used 50258K [0x0000000080000000, 0x0000000100000000)
  region size 1024K, 5 young (5120K), 5 survivors (5120K)
 Metaspace       used 54064K, committed 54656K, reserved 491520K
  class space    used 7527K, committed 7808K, reserved 425984K
}
Event: 14.795 GC heap before
{Heap before GC invocations=14 (full 0):
 garbage-first heap   total 103424K, used 82002K [0x0000000080000000, 0x0000000100000000)
  region size 1024K, 36 young (36864K), 5 survivors (5120K)
 Metaspace       used 56293K, committed 56896K, reserved 491520K
  class space    used 7826K, committed 8128K, reserved 425984K
}
Event: 14.803 GC heap after
{Heap after GC invocations=15 (full 0):
 garbage-first heap   total 103424K, used 52313K [0x0000000080000000, 0x0000000100000000)
  region size 1024K, 5 young (5120K), 5 survivors (5120K)
 Metaspace       used 56293K, committed 56896K, reserved 491520K
  class space    used 7826K, committed 8128K, reserved 425984K
}
Event: 15.499 GC heap before
{Heap before GC invocations=15 (full 0):
 garbage-first heap   total 103424K, used 83033K [0x0000000080000000, 0x0000000100000000)
  region size 1024K, 35 young (35840K), 5 survivors (5120K)
 Metaspace       used 58390K, committed 59008K, reserved 491520K
  class space    used 8139K, committed 8384K, reserved 425984K
}
Event: 15.506 GC heap after
{Heap after GC invocations=16 (full 0):
 garbage-first heap   total 103424K, used 54905K [0x0000000080000000, 0x0000000100000000)
  region size 1024K, 5 young (5120K), 5 survivors (5120K)
 Metaspace       used 58390K, committed 59008K, reserved 491520K
  class space    used 8139K, committed 8384K, reserved 425984K
}
Event: 16.157 GC heap before
{Heap before GC invocations=17 (full 0):
 garbage-first heap   total 103424K, used 83577K [0x0000000080000000, 0x0000000100000000)
  region size 1024K, 33 young (33792K), 5 survivors (5120K)
 Metaspace       used 60661K, committed 61248K, reserved 491520K
  class space    used 8503K, committed 8768K, reserved 425984K
}
Event: 16.164 GC heap after
{Heap after GC invocations=18 (full 0):
 garbage-first heap   total 103424K, used 57757K [0x0000000080000000, 0x0000000100000000)
  region size 1024K, 5 young (5120K), 5 survivors (5120K)
 Metaspace       used 60661K, committed 61248K, reserved 491520K
  class space    used 8503K, committed 8768K, reserved 425984K
}
Event: 16.750 GC heap before
{Heap before GC invocations=18 (full 0):
 garbage-first heap   total 103424K, used 82333K [0x0000000080000000, 0x0000000100000000)
  region size 1024K, 31 young (31744K), 5 survivors (5120K)
 Metaspace       used 62048K, committed 62720K, reserved 491520K
  class space    used 8665K, committed 8960K, reserved 425984K
}
Event: 16.758 GC heap after
{Heap after GC invocations=19 (full 0):
 garbage-first heap   total 103424K, used 60336K [0x0000000080000000, 0x0000000100000000)
  region size 1024K, 3 young (3072K), 3 survivors (3072K)
 Metaspace       used 62048K, committed 62720K, reserved 491520K
  class space    used 8665K, committed 8960K, reserved 425984K
}
Event: 17.333 GC heap before
{Heap before GC invocations=20 (full 0):
 garbage-first heap   total 111616K, used 84912K [0x0000000080000000, 0x0000000100000000)
  region size 1024K, 26 young (26624K), 3 survivors (3072K)
 Metaspace       used 65005K, committed 65664K, reserved 491520K
  class space    used 8992K, committed 9280K, reserved 425984K
}
Event: 17.338 GC heap after
{Heap after GC invocations=21 (full 0):
 garbage-first heap   total 111616K, used 66366K [0x0000000080000000, 0x0000000100000000)
  region size 1024K, 4 young (4096K), 4 survivors (4096K)
 Metaspace       used 65005K, committed 65664K, reserved 491520K
  class space    used 8992K, committed 9280K, reserved 425984K
}
Event: 17.359 GC heap before
{Heap before GC invocations=21 (full 0):
 garbage-first heap   total 111616K, used 67390K [0x0000000080000000, 0x0000000100000000)
  region size 1024K, 5 young (5120K), 4 survivors (4096K)
 Metaspace       used 65177K, committed 65856K, reserved 491520K
  class space    used 9008K, committed 9280K, reserved 425984K
}
Event: 17.362 GC heap after
{Heap after GC invocations=22 (full 0):
 garbage-first heap   total 111616K, used 65738K [0x0000000080000000, 0x0000000100000000)
  region size 1024K, 1 young (1024K), 1 survivors (1024K)
 Metaspace       used 65177K, committed 65856K, reserved 491520K
  class space    used 9008K, committed 9280K, reserved 425984K
}
Event: 17.568 GC heap before
{Heap before GC invocations=22 (full 0):
 garbage-first heap   total 111616K, used 73930K [0x0000000080000000, 0x0000000100000000)
  region size 1024K, 11 young (11264K), 1 survivors (1024K)
 Metaspace       used 66426K, committed 67136K, reserved 491520K
  class space    used 9140K, committed 9472K, reserved 425984K
}

