# JRE version: OpenJDK Runtime Environment Temurin-17.0.8+7 (17.0.8+7) (build 17.0.8+7)
# Java VM: OpenJDK 64-Bit Server VM Temurin-17.0.8+7 (17.0.8+7, mixed mode, sharing, tiered, compressed oops, compressed class ptrs, g1 gc, windows-amd64)
GC Precious Log:
 CPUs: 8 total, 8 available
 Memory: 7959M
 Large Page Support: Disabled
 NUMA Support: Disabled
 Compressed Oops: Enabled (32-bit)
 Heap Region Size: 1M
 Heap Min Capacity: 8M
 Heap Initial Capacity: 126M
 Heap Max Capacity: 2G
 Pre-touch: Disabled
 Parallel Workers: 8
 Concurrent Workers: 2
 Concurrent Refinement Workers: 8
 Periodic GC: Disabled
Heap:
 garbage-first heap   total 223232K, used 138172K [0x0000000080000000, 0x0000000100000000)
  region size 1024K, 61 young (62464K), 2 survivors (2048K)
 Metaspace       used 80436K, committed 81216K, reserved 557056K
  class space    used 11141K, committed 11520K, reserved 425984K
GC Heap History (20 events):
Event: 17.203 GC heap before
{Heap before GC invocations=24 (full 0):
 garbage-first heap   total 97280K, used 58410K [0x0000000080000000, 0x0000000100000000)
  region size 1024K, 4 young (4096K), 3 survivors (3072K)
 Metaspace       used 59406K, committed 59968K, reserved 491520K
  class space    used 8327K, committed 8576K, reserved 425984K
}
Event: 17.205 GC heap after
{Heap after GC invocations=25 (full 0):
 garbage-first heap   total 97280K, used 57399K [0x0000000080000000, 0x0000000100000000)
  region size 1024K, 1 young (1024K), 1 survivors (1024K)
 Metaspace       used 59406K, committed 59968K, reserved 491520K
  class space    used 8327K, committed 8576K, reserved 425984K
}
Event: 17.716 GC heap before
{Heap before GC invocations=25 (full 0):
 garbage-first heap   total 97280K, used 77879K [0x0000000080000000, 0x0000000100000000)
  region size 1024K, 22 young (22528K), 1 survivors (1024K)
 Metaspace       used 61436K, committed 62080K, reserved 491520K
  class space    used 8580K, committed 8832K, reserved 425984K
}
Event: 17.719 GC heap after
{Heap after GC invocations=26 (full 0):
 garbage-first heap   total 97280K, used 59915K [0x0000000080000000, 0x0000000100000000)
  region size 1024K, 3 young (3072K), 3 survivors (3072K)
 Metaspace       used 61436K, committed 62080K, reserved 491520K
  class space    used 8580K, committed 8832K, reserved 425984K
}
Event: 19.141 GC heap before
{Heap before GC invocations=27 (full 0):
 garbage-first heap   total 104448K, used 78347K [0x0000000080000000, 0x0000000100000000)
  region size 1024K, 22 young (22528K), 3 survivors (3072K)
 Metaspace       used 62931K, committed 63616K, reserved 491520K
  class space    used 8787K, committed 9088K, reserved 425984K
}
Event: 19.147 GC heap after
{Heap after GC invocations=28 (full 0):
 garbage-first heap   total 104448K, used 62198K [0x0000000080000000, 0x0000000100000000)
  region size 1024K, 3 young (3072K), 3 survivors (3072K)
 Metaspace       used 62931K, committed 63616K, reserved 491520K
  class space    used 8787K, committed 9088K, reserved 425984K
}
Event: 19.166 GC heap before
{Heap before GC invocations=28 (full 0):
 garbage-first heap   total 104448K, used 63222K [0x0000000080000000, 0x0000000100000000)
  region size 1024K, 5 young (5120K), 3 survivors (3072K)
 Metaspace       used 62978K, committed 63616K, reserved 491520K
  class space    used 8797K, committed 9088K, reserved 425984K
}
Event: 19.170 GC heap after
{Heap after GC invocations=29 (full 0):
 garbage-first heap   total 104448K, used 62072K [0x0000000080000000, 0x0000000100000000)
  region size 1024K, 1 young (1024K), 1 survivors (1024K)
 Metaspace       used 62978K, committed 63616K, reserved 491520K
  class space    used 8797K, committed 9088K, reserved 425984K
}
Event: 19.479 GC heap before
{Heap before GC invocations=29 (full 0):
 garbage-first heap   total 104448K, used 70264K [0x0000000080000000, 0x0000000100000000)
  region size 1024K, 11 young (11264K), 1 survivors (1024K)
 Metaspace       used 63199K, committed 63872K, reserved 491520K
  class space    used 8807K, committed 9152K, reserved 425984K
}
Event: 19.481 GC heap after
{Heap after GC invocations=30 (full 0):
 garbage-first heap   total 104448K, used 62163K [0x0000000080000000, 0x0000000100000000)
  region size 1024K, 1 young (1024K), 1 survivors (1024K)
 Metaspace       used 63199K, committed 63872K, reserved 491520K
  class space    used 8807K, committed 9152K, reserved 425984K
}
Event: 20.223 GC heap before
{Heap before GC invocations=31 (full 0):
 garbage-first heap   total 111616K, used 85715K [0x0000000080000000, 0x0000000100000000)
  region size 1024K, 23 young (23552K), 1 survivors (1024K)
 Metaspace       used 65877K, committed 66624K, reserved 491520K
  class space    used 9113K, committed 9472K, reserved 425984K
}
Event: 20.227 GC heap after
{Heap after GC invocations=32 (full 0):
 garbage-first heap   total 111616K, used 67806K [0x0000000080000000, 0x0000000100000000)
  region size 1024K, 3 young (3072K), 3 survivors (3072K)
 Metaspace       used 65877K, committed 66624K, reserved 491520K
  class space    used 9113K, committed 9472K, reserved 425984K
}
Event: 20.297 GC heap before
{Heap before GC invocations=32 (full 0):
 garbage-first heap   total 111616K, used 69854K [0x0000000080000000, 0x0000000100000000)
  region size 1024K, 5 young (5120K), 3 survivors (3072K)
 Metaspace       used 66301K, committed 67008K, reserved 491520K
  class space    used 9148K, committed 9472K, reserved 425984K
}
Event: 20.300 GC heap after
{Heap after GC invocations=33 (full 0):
 garbage-first heap   total 111616K, used 67157K [0x0000000080000000, 0x0000000100000000)
  region size 1024K, 1 young (1024K), 1 survivors (1024K)
 Metaspace       used 66301K, committed 67008K, reserved 491520K
  class space    used 9148K, committed 9472K, reserved 425984K
}
Event: 20.931 GC heap before
{Heap before GC invocations=33 (full 0):
 garbage-first heap   total 111616K, used 90709K [0x0000000080000000, 0x0000000100000000)
  region size 1024K, 23 young (23552K), 1 survivors (1024K)
 Metaspace       used 68835K, committed 69504K, reserved 491520K
  class space    used 9432K, committed 9792K, reserved 425984K
}
Event: 20.937 GC heap after
{Heap after GC invocations=34 (full 0):
 garbage-first heap   total 223232K, used 70747K [0x0000000080000000, 0x0000000100000000)
  region size 1024K, 3 young (3072K), 3 survivors (3072K)
 Metaspace       used 68835K, committed 69504K, reserved 491520K
  class space    used 9432K, committed 9792K, reserved 425984K
}
Event: 23.429 GC heap before
{Heap before GC invocations=35 (full 0):
 garbage-first heap   total 223232K, used 162907K [0x0000000080000000, 0x0000000100000000)
  region size 1024K, 87 young (89088K), 3 survivors (3072K)
 Metaspace       used 74912K, committed 75648K, reserved 491520K
  class space    used 10214K, committed 10560K, reserved 425984K
}
Event: 23.440 GC heap after
{Heap after GC invocations=36 (full 0):
 garbage-first heap   total 223232K, used 78370K [0x0000000080000000, 0x0000000100000000)
  region size 1024K, 11 young (11264K), 11 survivors (11264K)
 Metaspace       used 74912K, committed 75648K, reserved 491520K
  class space    used 10214K, committed 10560K, reserved 425984K
}
Event: 23.458 GC heap before
{Heap before GC invocations=36 (full 0):
 garbage-first heap   total 223232K, used 79394K [0x0000000080000000, 0x0000000100000000)
  region size 1024K, 12 young (12288K), 11 survivors (11264K)
 Metaspace       used 74913K, committed 75648K, reserved 491520K
  class space    used 10214K, committed 10560K, reserved 425984K
}
Event: 23.468 GC heap after
{Heap after GC invocations=37 (full 0):
 garbage-first heap   total 223232K, used 78780K [0x0000000080000000, 0x0000000100000000)
  region size 1024K, 2 young (2048K), 2 survivors (2048K)
 Metaspace       used 74913K, committed 75648K, reserved 491520K
  class space    used 10214K, committed 10560K, reserved 425984K
}

