# JRE version: OpenJDK Runtime Environment Temurin-17.0.8+7 (17.0.8+7) (build 17.0.8+7)
# Java VM: OpenJDK 64-Bit Server VM Temurin-17.0.8+7 (17.0.8+7, mixed mode, sharing, tiered, compressed oops, compressed class ptrs, g1 gc, windows-amd64)
GC Precious Log:
 CPUs: 8 total, 8 available
 Memory: 7959M
 Large Page Support: Disabled
 NUMA Support: Disabled
 Compressed Oops: Enabled (32-bit)
 Heap Region Size: 1M
 Heap Min Capacity: 8M
 Heap Initial Capacity: 126M
 Heap Max Capacity: 2G
 Pre-touch: Disabled
 Parallel Workers: 8
 Concurrent Workers: 2
 Concurrent Refinement Workers: 8
 Periodic GC: Disabled
Heap:
 garbage-first heap   total 99328K, used 56685K [0x0000000080000000, 0x0000000100000000)
  region size 1024K, 4 young (4096K), 4 survivors (4096K)
 Metaspace       used 59302K, committed 59904K, reserved 491520K
  class space    used 8303K, committed 8576K, reserved 425984K
GC Heap History (20 events):
Event: 11.173 GC heap after
{Heap after GC invocations=14 (full 0):
 garbage-first heap   total 81920K, used 36744K [0x0000000080000000, 0x0000000100000000)
  region size 1024K, 2 young (2048K), 2 survivors (2048K)
 Metaspace       used 42043K, committed 42624K, reserved 491520K
  class space    used 5862K, committed 6144K, reserved 425984K
}
Event: 11.206 GC heap before
{Heap before GC invocations=14 (full 0):
 garbage-first heap   total 81920K, used 40840K [0x0000000080000000, 0x0000000100000000)
  region size 1024K, 5 young (5120K), 2 survivors (2048K)
 Metaspace       used 42156K, committed 42752K, reserved 491520K
  class space    used 5877K, committed 6144K, reserved 425984K
}
Event: 11.209 GC heap after
{Heap after GC invocations=15 (full 0):
 garbage-first heap   total 81920K, used 39589K [0x0000000080000000, 0x0000000100000000)
  region size 1024K, 3 young (3072K), 3 survivors (3072K)
 Metaspace       used 42156K, committed 42752K, reserved 491520K
  class space    used 5877K, committed 6144K, reserved 425984K
}
Event: 11.686 GC heap before
{Heap before GC invocations=16 (full 0):
 garbage-first heap   total 81920K, used 68261K [0x0000000080000000, 0x0000000100000000)
  region size 1024K, 27 young (27648K), 3 survivors (3072K)
 Metaspace       used 45770K, committed 46336K, reserved 491520K
  class space    used 6366K, committed 6656K, reserved 425984K
}
Event: 11.690 GC heap after
{Heap after GC invocations=17 (full 0):
 garbage-first heap   total 81920K, used 46266K [0x0000000080000000, 0x0000000100000000)
  region size 1024K, 4 young (4096K), 4 survivors (4096K)
 Metaspace       used 45770K, committed 46336K, reserved 491520K
  class space    used 6366K, committed 6656K, reserved 425984K
}
Event: 11.702 GC heap before
{Heap before GC invocations=17 (full 0):
 garbage-first heap   total 81920K, used 47290K [0x0000000080000000, 0x0000000100000000)
  region size 1024K, 5 young (5120K), 4 survivors (4096K)
 Metaspace       used 45840K, committed 46400K, reserved 491520K
  class space    used 6380K, committed 6656K, reserved 425984K
}
Event: 11.706 GC heap after
{Heap after GC invocations=18 (full 0):
 garbage-first heap   total 81920K, used 46409K [0x0000000080000000, 0x0000000100000000)
  region size 1024K, 1 young (1024K), 1 survivors (1024K)
 Metaspace       used 45840K, committed 46400K, reserved 491520K
  class space    used 6380K, committed 6656K, reserved 425984K
}
Event: 12.064 GC heap before
{Heap before GC invocations=18 (full 0):
 garbage-first heap   total 81920K, used 65865K [0x0000000080000000, 0x0000000100000000)
  region size 1024K, 20 young (20480K), 1 survivors (1024K)
 Metaspace       used 47933K, committed 48576K, reserved 491520K
  class space    used 6705K, committed 6976K, reserved 425984K
}
Event: 12.066 GC heap after
{Heap after GC invocations=19 (full 0):
 garbage-first heap   total 81920K, used 47127K [0x0000000080000000, 0x0000000100000000)
  region size 1024K, 1 young (1024K), 1 survivors (1024K)
 Metaspace       used 47933K, committed 48576K, reserved 491520K
  class space    used 6705K, committed 6976K, reserved 425984K
}
Event: 12.502 GC heap before
{Heap before GC invocations=20 (full 0):
 garbage-first heap   total 86016K, used 66583K [0x0000000080000000, 0x0000000100000000)
  region size 1024K, 20 young (20480K), 1 survivors (1024K)
 Metaspace       used 50024K, committed 50624K, reserved 491520K
  class space    used 7008K, committed 7296K, reserved 425984K
}
Event: 12.506 GC heap after
{Heap after GC invocations=21 (full 0):
 garbage-first heap   total 86016K, used 48262K [0x0000000080000000, 0x0000000100000000)
  region size 1024K, 3 young (3072K), 3 survivors (3072K)
 Metaspace       used 50024K, committed 50624K, reserved 491520K
  class space    used 7008K, committed 7296K, reserved 425984K
}
Event: 12.991 GC heap before
{Heap before GC invocations=21 (full 0):
 garbage-first heap   total 86016K, used 69766K [0x0000000080000000, 0x0000000100000000)
  region size 1024K, 24 young (24576K), 3 survivors (3072K)
 Metaspace       used 52810K, committed 53376K, reserved 491520K
  class space    used 7366K, committed 7616K, reserved 425984K
}
Event: 12.996 GC heap after
{Heap after GC invocations=22 (full 0):
 garbage-first heap   total 86016K, used 49573K [0x0000000080000000, 0x0000000100000000)
  region size 1024K, 3 young (3072K), 3 survivors (3072K)
 Metaspace       used 52810K, committed 53376K, reserved 491520K
  class space    used 7366K, committed 7616K, reserved 425984K
}
Event: 13.479 GC heap before
{Heap before GC invocations=23 (full 0):
 garbage-first heap   total 87040K, used 70053K [0x0000000080000000, 0x0000000100000000)
  region size 1024K, 24 young (24576K), 3 survivors (3072K)
 Metaspace       used 54562K, committed 55232K, reserved 491520K
  class space    used 7564K, committed 7872K, reserved 425984K
}
Event: 13.485 GC heap after
{Heap after GC invocations=24 (full 0):
 garbage-first heap   total 87040K, used 51327K [0x0000000080000000, 0x0000000100000000)
  region size 1024K, 3 young (3072K), 3 survivors (3072K)
 Metaspace       used 54562K, committed 55232K, reserved 491520K
  class space    used 7564K, committed 7872K, reserved 425984K
}
Event: 13.922 GC heap before
{Heap before GC invocations=24 (full 0):
 garbage-first heap   total 87040K, used 71807K [0x0000000080000000, 0x0000000100000000)
  region size 1024K, 23 young (23552K), 3 survivors (3072K)
 Metaspace       used 56206K, committed 56768K, reserved 491520K
  class space    used 7819K, committed 8064K, reserved 425984K
}
Event: 13.927 GC heap after
{Heap after GC invocations=25 (full 0):
 garbage-first heap   total 87040K, used 52840K [0x0000000080000000, 0x0000000100000000)
  region size 1024K, 2 young (2048K), 2 survivors (2048K)
 Metaspace       used 56206K, committed 56768K, reserved 491520K
  class space    used 7819K, committed 8064K, reserved 425984K
}
Event: 14.352 GC heap before
{Heap before GC invocations=26 (full 0):
 garbage-first heap   total 92160K, used 72296K [0x0000000080000000, 0x0000000100000000)
  region size 1024K, 21 young (21504K), 2 survivors (2048K)
 Metaspace       used 57694K, committed 58240K, reserved 491520K
  class space    used 8066K, committed 8320K, reserved 425984K
}
Event: 14.357 GC heap after
{Heap after GC invocations=27 (full 0):
 garbage-first heap   total 92160K, used 54025K [0x0000000080000000, 0x0000000100000000)
  region size 1024K, 3 young (3072K), 3 survivors (3072K)
 Metaspace       used 57694K, committed 58240K, reserved 491520K
  class space    used 8066K, committed 8320K, reserved 425984K
}
Event: 15.077 GC heap before
{Heap before GC invocations=27 (full 0):
 garbage-first heap   total 92160K, used 76553K [0x0000000080000000, 0x0000000100000000)
  region size 1024K, 25 young (25600K), 3 survivors (3072K)
 Metaspace       used 59302K, committed 59904K, reserved 491520K
  class space    used 8303K, committed 8576K, reserved 425984K
}

