# JRE version: OpenJDK Runtime Environment Temurin-17.0.8+7 (17.0.8+7) (build 17.0.8+7)
# Java VM: OpenJDK 64-Bit Server VM Temurin-17.0.8+7 (17.0.8+7, mixed mode, sharing, tiered, compressed oops, compressed class ptrs, g1 gc, windows-amd64)
GC Precious Log:
 CPUs: 8 total, 8 available
 Memory: 7959M
 Large Page Support: Disabled
 NUMA Support: Disabled
 Compressed Oops: Enabled (32-bit)
 Heap Region Size: 1M
 Heap Min Capacity: 8M
 Heap Initial Capacity: 126M
 Heap Max Capacity: 2G
 Pre-touch: Disabled
 Parallel Workers: 8
 Concurrent Workers: 2
 Concurrent Refinement Workers: 8
 Periodic GC: Disabled
Heap:
 garbage-first heap   total 112640K, used 67594K [0x0000000080000000, 0x0000000100000000)
  region size 1024K, 3 young (3072K), 3 survivors (3072K)
 Metaspace       used 66481K, committed 67136K, reserved 491520K
  class space    used 9147K, committed 9472K, reserved 425984K
GC Heap History (20 events):
Event: 15.929 GC heap before
{Heap before GC invocations=15 (full 0):
 garbage-first heap   total 86016K, used 69312K [0x0000000080000000, 0x0000000100000000)
  region size 1024K, 24 young (24576K), 2 survivors (2048K)
 Metaspace       used 50808K, committed 51456K, reserved 491520K
  class space    used 7126K, committed 7424K, reserved 425984K
}
Event: 15.932 GC heap after
{Heap after GC invocations=16 (full 0):
 garbage-first heap   total 86016K, used 47653K [0x0000000080000000, 0x0000000100000000)
  region size 1024K, 3 young (3072K), 3 survivors (3072K)
 Metaspace       used 50808K, committed 51456K, reserved 491520K
  class space    used 7126K, committed 7424K, reserved 425984K
}
Event: 16.227 GC heap before
{Heap before GC invocations=17 (full 0):
 garbage-first heap   total 87040K, used 69157K [0x0000000080000000, 0x0000000100000000)
  region size 1024K, 24 young (24576K), 3 survivors (3072K)
 Metaspace       used 53705K, committed 54336K, reserved 491520K
  class space    used 7487K, committed 7744K, reserved 425984K
}
Event: 16.231 GC heap after
{Heap after GC invocations=18 (full 0):
 garbage-first heap   total 87040K, used 48947K [0x0000000080000000, 0x0000000100000000)
  region size 1024K, 3 young (3072K), 3 survivors (3072K)
 Metaspace       used 53705K, committed 54336K, reserved 491520K
  class space    used 7487K, committed 7744K, reserved 425984K
}
Event: 16.712 GC heap before
{Heap before GC invocations=18 (full 0):
 garbage-first heap   total 87040K, used 69427K [0x0000000080000000, 0x0000000100000000)
  region size 1024K, 24 young (24576K), 3 survivors (3072K)
 Metaspace       used 55274K, committed 55872K, reserved 491520K
  class space    used 7687K, committed 7936K, reserved 425984K
}
Event: 16.715 GC heap after
{Heap after GC invocations=19 (full 0):
 garbage-first heap   total 87040K, used 50734K [0x0000000080000000, 0x0000000100000000)
  region size 1024K, 3 young (3072K), 3 survivors (3072K)
 Metaspace       used 55274K, committed 55872K, reserved 491520K
  class space    used 7687K, committed 7936K, reserved 425984K
}
Event: 17.051 GC heap before
{Heap before GC invocations=20 (full 0):
 garbage-first heap   total 91136K, used 71214K [0x0000000080000000, 0x0000000100000000)
  region size 1024K, 23 young (23552K), 3 survivors (3072K)
 Metaspace       used 56703K, committed 57344K, reserved 491520K
  class space    used 7916K, committed 8192K, reserved 425984K
}
Event: 17.057 GC heap after
{Heap after GC invocations=21 (full 0):
 garbage-first heap   total 91136K, used 52346K [0x0000000080000000, 0x0000000100000000)
  region size 1024K, 2 young (2048K), 2 survivors (2048K)
 Metaspace       used 56703K, committed 57344K, reserved 491520K
  class space    used 7916K, committed 8192K, reserved 425984K
}
Event: 17.526 GC heap before
{Heap before GC invocations=21 (full 0):
 garbage-first heap   total 91136K, used 73850K [0x0000000080000000, 0x0000000100000000)
  region size 1024K, 23 young (23552K), 2 survivors (2048K)
 Metaspace       used 58144K, committed 58752K, reserved 491520K
  class space    used 8121K, committed 8384K, reserved 425984K
}
Event: 17.530 GC heap after
{Heap after GC invocations=22 (full 0):
 garbage-first heap   total 91136K, used 54276K [0x0000000080000000, 0x0000000100000000)
  region size 1024K, 2 young (2048K), 2 survivors (2048K)
 Metaspace       used 58144K, committed 58752K, reserved 491520K
  class space    used 8121K, committed 8384K, reserved 425984K
}
Event: 18.070 GC heap before
{Heap before GC invocations=23 (full 0):
 garbage-first heap   total 97280K, used 73732K [0x0000000080000000, 0x0000000100000000)
  region size 1024K, 22 young (22528K), 2 survivors (2048K)
 Metaspace       used 59746K, committed 60416K, reserved 491520K
  class space    used 8390K, committed 8704K, reserved 425984K
}
Event: 18.075 GC heap after
{Heap after GC invocations=24 (full 0):
 garbage-first heap   total 97280K, used 56330K [0x0000000080000000, 0x0000000100000000)
  region size 1024K, 3 young (3072K), 3 survivors (3072K)
 Metaspace       used 59746K, committed 60416K, reserved 491520K
  class space    used 8390K, committed 8704K, reserved 425984K
}
Event: 18.664 GC heap before
{Heap before GC invocations=24 (full 0):
 garbage-first heap   total 97280K, used 77834K [0x0000000080000000, 0x0000000100000000)
  region size 1024K, 25 young (25600K), 3 survivors (3072K)
 Metaspace       used 61883K, committed 62464K, reserved 491520K
  class space    used 8654K, committed 8896K, reserved 425984K
}
Event: 18.671 GC heap after
{Heap after GC invocations=25 (full 0):
 garbage-first heap   total 97280K, used 59072K [0x0000000080000000, 0x0000000100000000)
  region size 1024K, 4 young (4096K), 4 survivors (4096K)
 Metaspace       used 61883K, committed 62464K, reserved 491520K
  class space    used 8654K, committed 8896K, reserved 425984K
}
Event: 19.094 GC heap before
{Heap before GC invocations=26 (full 0):
 garbage-first heap   total 102400K, used 71360K [0x0000000080000000, 0x0000000100000000)
  region size 1024K, 18 young (18432K), 4 survivors (4096K)
 Metaspace       used 62073K, committed 62656K, reserved 491520K
  class space    used 8667K, committed 8960K, reserved 425984K
}
Event: 19.100 GC heap after
{Heap after GC invocations=27 (full 0):
 garbage-first heap   total 102400K, used 60269K [0x0000000080000000, 0x0000000100000000)
  region size 1024K, 2 young (2048K), 2 survivors (2048K)
 Metaspace       used 62073K, committed 62656K, reserved 491520K
  class space    used 8667K, committed 8960K, reserved 425984K
}
Event: 19.878 GC heap before
{Heap before GC invocations=28 (full 0):
 garbage-first heap   total 112640K, used 84845K [0x0000000080000000, 0x0000000100000000)
  region size 1024K, 25 young (25600K), 2 survivors (2048K)
 Metaspace       used 64986K, committed 65600K, reserved 491520K
  class space    used 8995K, committed 9280K, reserved 425984K
}
Event: 19.882 GC heap after
{Heap after GC invocations=29 (full 0):
 garbage-first heap   total 112640K, used 65292K [0x0000000080000000, 0x0000000100000000)
  region size 1024K, 4 young (4096K), 4 survivors (4096K)
 Metaspace       used 64986K, committed 65600K, reserved 491520K
  class space    used 8995K, committed 9280K, reserved 425984K
}
Event: 19.899 GC heap before
{Heap before GC invocations=29 (full 0):
 garbage-first heap   total 112640K, used 66316K [0x0000000080000000, 0x0000000100000000)
  region size 1024K, 5 young (5120K), 4 survivors (4096K)
 Metaspace       used 65201K, committed 65792K, reserved 491520K
  class space    used 9010K, committed 9280K, reserved 425984K
}
Event: 19.902 GC heap after
{Heap after GC invocations=30 (full 0):
 garbage-first heap   total 112640K, used 65773K [0x0000000080000000, 0x0000000100000000)
  region size 1024K, 1 young (1024K), 1 survivors (1024K)
 Metaspace       used 65201K, committed 65792K, reserved 491520K
  class space    used 9010K, committed 9280K, reserved 425984K
}

