# JRE version: OpenJDK Runtime Environment Temurin-17.0.8+7 (17.0.8+7) (build 17.0.8+7)
# Java VM: OpenJDK 64-Bit Server VM Temurin-17.0.8+7 (17.0.8+7, mixed mode, sharing, tiered, compressed oops, compressed class ptrs, g1 gc, windows-amd64)
GC Precious Log:
 CPUs: 8 total, 8 available
 Memory: 7959M
 Large Page Support: Disabled
 NUMA Support: Disabled
 Compressed Oops: Enabled (32-bit)
 Heap Region Size: 1M
 Heap Min Capacity: 8M
 Heap Initial Capacity: 126M
 Heap Max Capacity: 2G
 Pre-touch: Disabled
 Parallel Workers: 8
 Concurrent Workers: 2
 Concurrent Refinement Workers: 8
 Periodic GC: Disabled
Heap:
 garbage-first heap   total 411648K, used 318781K [0x0000000080000000, 0x0000000100000000)
  region size 1024K, 119 young (121856K), 15 survivors (15360K)
 Metaspace       used 151820K, committed 153024K, reserved 622592K
  class space    used 19842K, committed 20416K, reserved 425984K
GC Heap History (20 events):
Event: 186.525 GC heap before
{Heap before GC invocations=89 (full 0):
 garbage-first heap   total 319488K, used 282826K [0x0000000080000000, 0x0000000100000000)
  region size 1024K, 67 young (68608K), 5 survivors (5120K)
 Metaspace       used 136832K, committed 138048K, reserved 557056K
  class space    used 17720K, committed 18304K, reserved 425984K
}
Event: 186.532 GC heap after
{Heap after GC invocations=90 (full 0):
 garbage-first heap   total 319488K, used 212182K [0x0000000080000000, 0x0000000100000000)
  region size 1024K, 5 young (5120K), 5 survivors (5120K)
 Metaspace       used 136832K, committed 138048K, reserved 557056K
  class space    used 17720K, committed 18304K, reserved 425984K
}
Event: 187.011 GC heap before
{Heap before GC invocations=90 (full 0):
 garbage-first heap   total 319488K, used 276694K [0x0000000080000000, 0x0000000100000000)
  region size 1024K, 69 young (70656K), 5 survivors (5120K)
 Metaspace       used 136843K, committed 138048K, reserved 557056K
  class space    used 17720K, committed 18304K, reserved 425984K
}
Event: 187.017 GC heap after
{Heap after GC invocations=91 (full 0):
 garbage-first heap   total 319488K, used 213008K [0x0000000080000000, 0x0000000100000000)
  region size 1024K, 5 young (5120K), 5 survivors (5120K)
 Metaspace       used 136843K, committed 138048K, reserved 557056K
  class space    used 17720K, committed 18304K, reserved 425984K
}
Event: 187.715 GC heap before
{Heap before GC invocations=91 (full 0):
 garbage-first heap   total 319488K, used 277520K [0x0000000080000000, 0x0000000100000000)
  region size 1024K, 69 young (70656K), 5 survivors (5120K)
 Metaspace       used 136846K, committed 138048K, reserved 557056K
  class space    used 17720K, committed 18304K, reserved 425984K
}
Event: 187.721 GC heap after
{Heap after GC invocations=92 (full 0):
 garbage-first heap   total 319488K, used 212292K [0x0000000080000000, 0x0000000100000000)
  region size 1024K, 3 young (3072K), 3 survivors (3072K)
 Metaspace       used 136846K, committed 138048K, reserved 557056K
  class space    used 17720K, committed 18304K, reserved 425984K
}
Event: 188.461 GC heap before
{Heap before GC invocations=92 (full 0):
 garbage-first heap   total 319488K, used 279876K [0x0000000080000000, 0x0000000100000000)
  region size 1024K, 69 young (70656K), 3 survivors (3072K)
 Metaspace       used 136849K, committed 138048K, reserved 557056K
  class space    used 17720K, committed 18304K, reserved 425984K
}
Event: 188.465 GC heap after
{Heap after GC invocations=93 (full 0):
 garbage-first heap   total 319488K, used 211986K [0x0000000080000000, 0x0000000100000000)
  region size 1024K, 3 young (3072K), 3 survivors (3072K)
 Metaspace       used 136849K, committed 138048K, reserved 557056K
  class space    used 17720K, committed 18304K, reserved 425984K
}
Event: 188.638 GC heap before
{Heap before GC invocations=93 (full 0):
 garbage-first heap   total 319488K, used 247826K [0x0000000080000000, 0x0000000100000000)
  region size 1024K, 32 young (32768K), 3 survivors (3072K)
 Metaspace       used 136914K, committed 138112K, reserved 557056K
  class space    used 17733K, committed 18304K, reserved 425984K
}
Event: 188.642 GC heap after
{Heap after GC invocations=94 (full 0):
 garbage-first heap   total 319488K, used 218812K [0x0000000080000000, 0x0000000100000000)
  region size 1024K, 4 young (4096K), 4 survivors (4096K)
 Metaspace       used 136914K, committed 138112K, reserved 557056K
  class space    used 17733K, committed 18304K, reserved 425984K
}
Event: 188.911 GC heap before
{Heap before GC invocations=94 (full 0):
 garbage-first heap   total 319488K, used 284348K [0x0000000080000000, 0x0000000100000000)
  region size 1024K, 65 young (66560K), 4 survivors (4096K)
 Metaspace       used 137266K, committed 138496K, reserved 557056K
  class space    used 17787K, committed 18368K, reserved 425984K
}
Event: 188.920 GC heap after
{Heap after GC invocations=95 (full 0):
 garbage-first heap   total 319488K, used 219285K [0x0000000080000000, 0x0000000100000000)
  region size 1024K, 8 young (8192K), 8 survivors (8192K)
 Metaspace       used 137266K, committed 138496K, reserved 557056K
  class space    used 17787K, committed 18368K, reserved 425984K
}
Event: 189.346 GC heap before
{Heap before GC invocations=95 (full 0):
 garbage-first heap   total 319488K, used 277653K [0x0000000080000000, 0x0000000100000000)
  region size 1024K, 65 young (66560K), 8 survivors (8192K)
 Metaspace       used 138465K, committed 139712K, reserved 557056K
  class space    used 17953K, committed 18560K, reserved 425984K
}
Event: 189.353 GC heap after
{Heap after GC invocations=96 (full 0):
 garbage-first heap   total 319488K, used 220465K [0x0000000080000000, 0x0000000100000000)
  region size 1024K, 2 young (2048K), 2 survivors (2048K)
 Metaspace       used 138465K, committed 139712K, reserved 557056K
  class space    used 17953K, committed 18560K, reserved 425984K
}
Event: 190.451 GC heap before
{Heap before GC invocations=97 (full 0):
 garbage-first heap   total 411648K, used 268593K [0x0000000080000000, 0x0000000100000000)
  region size 1024K, 50 young (51200K), 2 survivors (2048K)
 Metaspace       used 140875K, committed 142016K, reserved 557056K
  class space    used 18321K, committed 18880K, reserved 425984K
}
Event: 190.457 GC heap after
{Heap after GC invocations=98 (full 0):
 garbage-first heap   total 411648K, used 222226K [0x0000000080000000, 0x0000000100000000)
  region size 1024K, 5 young (5120K), 5 survivors (5120K)
 Metaspace       used 140875K, committed 142016K, reserved 557056K
  class space    used 18321K, committed 18880K, reserved 425984K
}
Event: 190.671 GC heap before
{Heap before GC invocations=98 (full 0):
 garbage-first heap   total 411648K, used 236562K [0x0000000080000000, 0x0000000100000000)
  region size 1024K, 20 young (20480K), 5 survivors (5120K)
 Metaspace       used 143348K, committed 144512K, reserved 557056K
  class space    used 18696K, committed 19264K, reserved 425984K
}
Event: 190.684 GC heap after
{Heap after GC invocations=99 (full 0):
 garbage-first heap   total 411648K, used 201912K [0x0000000080000000, 0x0000000100000000)
  region size 1024K, 3 young (3072K), 3 survivors (3072K)
 Metaspace       used 143348K, committed 144512K, reserved 557056K
  class space    used 18696K, committed 19264K, reserved 425984K
}
Event: 192.877 GC heap before
{Heap before GC invocations=99 (full 0):
 garbage-first heap   total 411648K, used 349368K [0x0000000080000000, 0x0000000100000000)
  region size 1024K, 147 young (150528K), 3 survivors (3072K)
 Metaspace       used 151121K, committed 152384K, reserved 622592K
  class space    used 19771K, committed 20352K, reserved 425984K
}
Event: 192.893 GC heap after
{Heap after GC invocations=100 (full 0):
 garbage-first heap   total 411648K, used 214333K [0x0000000080000000, 0x0000000100000000)
  region size 1024K, 15 young (15360K), 15 survivors (15360K)
 Metaspace       used 151121K, committed 152384K, reserved 622592K
  class space    used 19771K, committed 20352K, reserved 425984K
}

