# JRE version: OpenJDK Runtime Environment Temurin-17.0.8+7 (17.0.8+7) (build 17.0.8+7)
# Java VM: OpenJDK 64-Bit Server VM Temurin-17.0.8+7 (17.0.8+7, mixed mode, sharing, tiered, compressed oops, compressed class ptrs, g1 gc, windows-amd64)
GC Precious Log:
 CPUs: 8 total, 8 available
 Memory: 7959M
 Large Page Support: Disabled
 NUMA Support: Disabled
 Compressed Oops: Enabled (32-bit)
 Heap Region Size: 1M
 Heap Min Capacity: 8M
 Heap Initial Capacity: 126M
 Heap Max Capacity: 2G
 Pre-touch: Disabled
 Parallel Workers: 8
 Concurrent Workers: 2
 Concurrent Refinement Workers: 8
 Periodic GC: Disabled
Heap:
 garbage-first heap   total 86016K, used 54393K [0x0000000080000000, 0x0000000100000000)
  region size 1024K, 12 young (12288K), 3 survivors (3072K)
 Metaspace       used 49529K, committed 50048K, reserved 491520K
  class space    used 6920K, committed 7168K, reserved 425984K
GC Heap History (20 events):
Event: 4.959 GC heap before
{Heap before GC invocations=2 (full 0):
 garbage-first heap   total 129024K, used 86593K [0x0000000080000000, 0x0000000100000000)
  region size 1024K, 75 young (76800K), 3 survivors (3072K)
 Metaspace       used 17072K, committed 17472K, reserved 491520K
  class space    used 2483K, committed 2688K, reserved 425984K
}
Event: 4.966 GC heap after
{Heap after GC invocations=3 (full 0):
 garbage-first heap   total 129024K, used 20919K [0x0000000080000000, 0x0000000100000000)
  region size 1024K, 10 young (10240K), 10 survivors (10240K)
 Metaspace       used 17072K, committed 17472K, reserved 491520K
  class space    used 2483K, committed 2688K, reserved 425984K
}
Event: 5.614 GC heap before
{Heap before GC invocations=3 (full 0):
 garbage-first heap   total 129024K, used 49591K [0x0000000080000000, 0x0000000100000000)
  region size 1024K, 39 young (39936K), 10 survivors (10240K)
 Metaspace       used 21127K, committed 21504K, reserved 491520K
  class space    used 3127K, committed 3328K, reserved 425984K
}
Event: 5.620 GC heap after
{Heap after GC invocations=4 (full 0):
 garbage-first heap   total 129024K, used 23300K [0x0000000080000000, 0x0000000100000000)
  region size 1024K, 3 young (3072K), 3 survivors (3072K)
 Metaspace       used 21127K, committed 21504K, reserved 491520K
  class space    used 3127K, committed 3328K, reserved 425984K
}
Event: 6.607 GC heap before
{Heap before GC invocations=5 (full 0):
 garbage-first heap   total 86016K, used 70404K [0x0000000080000000, 0x0000000100000000)
  region size 1024K, 50 young (51200K), 3 survivors (3072K)
 Metaspace       used 28750K, committed 29120K, reserved 491520K
  class space    used 4028K, committed 4224K, reserved 425984K
}
Event: 6.614 GC heap after
{Heap after GC invocations=6 (full 0):
 garbage-first heap   total 86016K, used 28108K [0x0000000080000000, 0x0000000100000000)
  region size 1024K, 7 young (7168K), 7 survivors (7168K)
 Metaspace       used 28750K, committed 29120K, reserved 491520K
  class space    used 4028K, committed 4224K, reserved 425984K
}
Event: 7.385 GC heap before
{Heap before GC invocations=6 (full 0):
 garbage-first heap   total 86016K, used 64972K [0x0000000080000000, 0x0000000100000000)
  region size 1024K, 41 young (41984K), 7 survivors (7168K)
 Metaspace       used 31847K, committed 32256K, reserved 491520K
  class space    used 4372K, committed 4544K, reserved 425984K
}
Event: 7.394 GC heap after
{Heap after GC invocations=7 (full 0):
 garbage-first heap   total 86016K, used 30603K [0x0000000080000000, 0x0000000100000000)
  region size 1024K, 4 young (4096K), 4 survivors (4096K)
 Metaspace       used 31847K, committed 32256K, reserved 491520K
  class space    used 4372K, committed 4544K, reserved 425984K
}
Event: 10.081 GC heap before
{Heap before GC invocations=7 (full 0):
 garbage-first heap   total 86016K, used 64395K [0x0000000080000000, 0x0000000100000000)
  region size 1024K, 36 young (36864K), 4 survivors (4096K)
 Metaspace       used 34700K, committed 35136K, reserved 491520K
  class space    used 4701K, committed 4864K, reserved 425984K
}
Event: 10.087 GC heap after
{Heap after GC invocations=8 (full 0):
 garbage-first heap   total 86016K, used 32500K [0x0000000080000000, 0x0000000100000000)
  region size 1024K, 3 young (3072K), 3 survivors (3072K)
 Metaspace       used 34700K, committed 35136K, reserved 491520K
  class space    used 4701K, committed 4864K, reserved 425984K
}
Event: 10.262 GC heap before
{Heap before GC invocations=8 (full 0):
 garbage-first heap   total 86016K, used 38644K [0x0000000080000000, 0x0000000100000000)
  region size 1024K, 10 young (10240K), 3 survivors (3072K)
 Metaspace       used 35455K, committed 35968K, reserved 491520K
  class space    used 4835K, committed 5056K, reserved 425984K
}
Event: 10.265 GC heap after
{Heap after GC invocations=9 (full 0):
 garbage-first heap   total 86016K, used 32680K [0x0000000080000000, 0x0000000100000000)
  region size 1024K, 3 young (3072K), 3 survivors (3072K)
 Metaspace       used 35455K, committed 35968K, reserved 491520K
  class space    used 4835K, committed 5056K, reserved 425984K
}
Event: 11.057 GC heap before
{Heap before GC invocations=10 (full 0):
 garbage-first heap   total 86016K, used 65448K [0x0000000080000000, 0x0000000100000000)
  region size 1024K, 35 young (35840K), 3 survivors (3072K)
 Metaspace       used 39373K, committed 39936K, reserved 491520K
  class space    used 5482K, committed 5760K, reserved 425984K
}
Event: 11.061 GC heap after
{Heap after GC invocations=11 (full 0):
 garbage-first heap   total 86016K, used 34269K [0x0000000080000000, 0x0000000100000000)
  region size 1024K, 4 young (4096K), 4 survivors (4096K)
 Metaspace       used 39373K, committed 39936K, reserved 491520K
  class space    used 5482K, committed 5760K, reserved 425984K
}
Event: 12.518 GC heap before
{Heap before GC invocations=11 (full 0):
 garbage-first heap   total 86016K, used 73181K [0x0000000080000000, 0x0000000100000000)
  region size 1024K, 36 young (36864K), 4 survivors (4096K)
 Metaspace       used 42580K, committed 43136K, reserved 491520K
  class space    used 5926K, committed 6208K, reserved 425984K
}
Event: 12.526 GC heap after
{Heap after GC invocations=12 (full 0):
 garbage-first heap   total 86016K, used 43422K [0x0000000080000000, 0x0000000100000000)
  region size 1024K, 5 young (5120K), 5 survivors (5120K)
 Metaspace       used 42580K, committed 43136K, reserved 491520K
  class space    used 5926K, committed 6208K, reserved 425984K
}
Event: 13.732 GC heap before
{Heap before GC invocations=12 (full 0):
 garbage-first heap   total 86016K, used 67998K [0x0000000080000000, 0x0000000100000000)
  region size 1024K, 29 young (29696K), 5 survivors (5120K)
 Metaspace       used 46324K, committed 46912K, reserved 491520K
  class space    used 6449K, committed 6720K, reserved 425984K
}
Event: 13.738 GC heap after
{Heap after GC invocations=13 (full 0):
 garbage-first heap   total 86016K, used 45128K [0x0000000080000000, 0x0000000100000000)
  region size 1024K, 2 young (2048K), 2 survivors (2048K)
 Metaspace       used 46324K, committed 46912K, reserved 491520K
  class space    used 6449K, committed 6720K, reserved 425984K
}
Event: 14.720 GC heap before
{Heap before GC invocations=14 (full 0):
 garbage-first heap   total 86016K, used 67656K [0x0000000080000000, 0x0000000100000000)
  region size 1024K, 25 young (25600K), 2 survivors (2048K)
 Metaspace       used 48662K, committed 49216K, reserved 491520K
  class space    used 6791K, committed 7040K, reserved 425984K
}
Event: 14.729 GC heap after
{Heap after GC invocations=15 (full 0):
 garbage-first heap   total 86016K, used 46201K [0x0000000080000000, 0x0000000100000000)
  region size 1024K, 3 young (3072K), 3 survivors (3072K)
 Metaspace       used 48662K, committed 49216K, reserved 491520K
  class space    used 6791K, committed 7040K, reserved 425984K
}

